<?xml version="1.0" encoding="UTF-8"?>
<!-- Generated by org.testng.reporters.JUnitXMLReporter -->
<testsuite hostname="Alchemy-01" ignored="0" name="Santiy Test 1" tests="4" failures="1" timestamp="24 Jul 2018 13:10:06 GMT" time="27.62" errors="0">
  <testcase name="loginPageTitleTest" time="0.075" classname="org.alchemy.testcases.LoginPageTest"/>
  <testcase name="loginTest" time="1.053" classname="org.alchemy.testcases.LoginPageTest"/>
  <testcase name="validateDigiSystemImageTest" time="0.113" classname="org.alchemy.testcases.LoginPageTest"/>
  <testcase name="validateAPLableTest" time="0.151" classname="org.alchemy.testcases.LoginPageTest">
    <failure type="java.lang.NullPointerException">
      <![CDATA[java.lang.NullPointerException
at org.alchemy.testcases.LoginPageTest.validateAPLableTest(LoginPageTest.java:73)
... Removed 25 stack frames]]>
    </failure>
  </testcase> <!-- validateAPLableTest -->
</testsuite> <!-- Santiy Test 1 -->
