<?xml version="1.0" encoding="UTF-8"?>
<!-- Generated by org.testng.reporters.JUnitXMLReporter -->
<testsuite hostname="Alchemy-01" ignored="0" name="Default test" tests="4" failures="0" timestamp="21 Jul 2018 13:09:56 GMT" time="74.908" errors="0">
  <testcase name="verifyHomePageTitleTest" time="0.031" classname="org.alchemy.testcases.HomePageTest"/>
  <testcase name="verifyCorrectUserNameTest" time="4.16" classname="org.alchemy.testcases.HomePageTest"/>
  <testcase name="verifyclickOnUserManagementTest" time="10.11" classname="org.alchemy.testcases.HomePageTest"/>
  <testcase name="verifyClickOnNewUserRecordTest" time="6.984" classname="org.alchemy.testcases.HomePageTest"/>
</testsuite> <!-- Default test -->
