<?xml version="1.0" encoding="UTF-8"?>
<!-- Generated by org.testng.reporters.JUnitXMLReporter -->
<testsuite hostname="Alchemy-01" ignored="0" name="Command line test" tests="5" failures="0" timestamp="21 Jul 2018 12:12:42 GMT" time="61.794" errors="0">
  <testcase name="verifyHomePageTitleTest" time="0.012" classname="org.alchemy.testcases.HomePageTest"/>
  <testcase name="loginPageTitleTest" time="0.012" classname="org.alchemy.testcases.LoginPageTest"/>
  <testcase name="verifyCorrectUserNameTest" time="9.372" classname="org.alchemy.testcases.HomePageTest"/>
  <testcase name="loginTest" time="11.316" classname="org.alchemy.testcases.LoginPageTest"/>
  <testcase name="validateDigiSystemImageTest" time="0.077" classname="org.alchemy.testcases.LoginPageTest"/>
</testsuite> <!-- Command line test -->
