<?xml version="1.0" encoding="UTF-8"?>
<!-- Generated by org.testng.reporters.JUnitXMLReporter -->
<testsuite hostname="Alchemy-01" ignored="0" name="Santiy Test 1" tests="1" failures="1" timestamp="27 Jul 2018 11:40:10 GMT" time="13.085" errors="0">
  <testcase name="verifyGroupPageTitleTest" time="0.013" classname="org.alchemy.testcases.GroupTest">
    <failure type="java.lang.AssertionError" message="expected [Alchemy Too] but found [Alchemy Tool]">
      <![CDATA[java.lang.AssertionError: expected [Alchemy Too] but found [Alchemy Tool]
at org.alchemy.testcases.GroupTest.verifyGroupPageTitleTest(GroupTest.java:31)
... Removed 31 stack frames]]>
    </failure>
  </testcase> <!-- verifyGroupPageTitleTest -->
</testsuite> <!-- Santiy Test 1 -->
