<?xml version="1.0" encoding="UTF-8"?>
<testng-results skipped="0" failed="0" ignored="0" total="5" passed="5">
  <reporter-output>
  </reporter-output>
  <suite name="Command line suite" duration-ms="61794" started-at="2018-07-21T12:11:40Z" finished-at="2018-07-21T12:12:42Z">
    <groups>
    </groups>
    <test name="Command line test" duration-ms="61794" started-at="2018-07-21T12:11:40Z" finished-at="2018-07-21T12:12:42Z">
      <class name="org.alchemy.testcases.HomePageTest">
        <test-method status="PASS" signature="setUp()[pri:0, instance:org.alchemy.testcases.HomePageTest@f5e5e3]" name="setUp" is-config="true" duration-ms="6085" started-at="2018-07-21T12:11:40Z" finished-at="2018-07-21T12:11:46Z">
          <reporter-output>
          </reporter-output>
        </test-method> <!-- setUp -->
        <test-method status="PASS" signature="verifyHomePageTitleTest()[pri:1, instance:org.alchemy.testcases.HomePageTest@f5e5e3]" name="verifyHomePageTitleTest" duration-ms="12" started-at="2018-07-21T12:11:46Z" finished-at="2018-07-21T12:11:46Z">
          <reporter-output>
          </reporter-output>
        </test-method> <!-- verifyHomePageTitleTest -->
        <test-method status="PASS" signature="setUp()[pri:0, instance:org.alchemy.testcases.HomePageTest@f5e5e3]" name="setUp" is-config="true" duration-ms="5283" started-at="2018-07-21T12:11:53Z" finished-at="2018-07-21T12:11:58Z">
          <reporter-output>
          </reporter-output>
        </test-method> <!-- setUp -->
        <test-method status="PASS" signature="verifyCorrectUserNameTest()[pri:2, instance:org.alchemy.testcases.HomePageTest@f5e5e3]" name="verifyCorrectUserNameTest" duration-ms="9372" started-at="2018-07-21T12:11:58Z" finished-at="2018-07-21T12:12:08Z">
          <reporter-output>
          </reporter-output>
        </test-method> <!-- verifyCorrectUserNameTest -->
      </class> <!-- org.alchemy.testcases.HomePageTest -->
      <class name="org.alchemy.testcases.LoginPageTest">
        <test-method status="PASS" signature="setUp()[pri:0, instance:org.alchemy.testcases.LoginPageTest@16d4b5c]" name="setUp" is-config="true" duration-ms="5486" started-at="2018-07-21T12:11:46Z" finished-at="2018-07-21T12:11:52Z">
          <reporter-output>
          </reporter-output>
        </test-method> <!-- setUp -->
        <test-method status="PASS" signature="loginPageTitleTest()[pri:1, instance:org.alchemy.testcases.LoginPageTest@16d4b5c]" name="loginPageTitleTest" duration-ms="12" started-at="2018-07-21T12:11:52Z" finished-at="2018-07-21T12:11:52Z">
          <reporter-output>
          </reporter-output>
        </test-method> <!-- loginPageTitleTest -->
        <test-method status="PASS" signature="tearDown()[pri:0, instance:org.alchemy.testcases.LoginPageTest@16d4b5c]" name="tearDown" is-config="true" duration-ms="1390" started-at="2018-07-21T12:11:52Z" finished-at="2018-07-21T12:11:53Z">
          <reporter-output>
          </reporter-output>
        </test-method> <!-- tearDown -->
        <test-method status="PASS" signature="setUp()[pri:0, instance:org.alchemy.testcases.LoginPageTest@16d4b5c]" name="setUp" is-config="true" duration-ms="12164" started-at="2018-07-21T12:12:08Z" finished-at="2018-07-21T12:12:20Z">
          <reporter-output>
          </reporter-output>
        </test-method> <!-- setUp -->
        <test-method status="PASS" signature="loginTest()[pri:2, instance:org.alchemy.testcases.LoginPageTest@16d4b5c]" name="loginTest" duration-ms="11316" started-at="2018-07-21T12:12:20Z" finished-at="2018-07-21T12:12:31Z">
          <reporter-output>
          </reporter-output>
        </test-method> <!-- loginTest -->
        <test-method status="PASS" signature="tearDown()[pri:0, instance:org.alchemy.testcases.LoginPageTest@16d4b5c]" name="tearDown" is-config="true" duration-ms="1105" started-at="2018-07-21T12:12:31Z" finished-at="2018-07-21T12:12:32Z">
          <reporter-output>
          </reporter-output>
        </test-method> <!-- tearDown -->
        <test-method status="PASS" signature="setUp()[pri:0, instance:org.alchemy.testcases.LoginPageTest@16d4b5c]" name="setUp" is-config="true" duration-ms="8185" started-at="2018-07-21T12:12:32Z" finished-at="2018-07-21T12:12:40Z">
          <reporter-output>
          </reporter-output>
        </test-method> <!-- setUp -->
        <test-method status="PASS" signature="validateDigiSystemImageTest()[pri:3, instance:org.alchemy.testcases.LoginPageTest@16d4b5c]" name="validateDigiSystemImageTest" duration-ms="77" started-at="2018-07-21T12:12:40Z" finished-at="2018-07-21T12:12:40Z">
          <reporter-output>
          </reporter-output>
        </test-method> <!-- validateDigiSystemImageTest -->
        <test-method status="PASS" signature="tearDown()[pri:0, instance:org.alchemy.testcases.LoginPageTest@16d4b5c]" name="tearDown" is-config="true" duration-ms="1276" started-at="2018-07-21T12:12:40Z" finished-at="2018-07-21T12:12:42Z">
          <reporter-output>
          </reporter-output>
        </test-method> <!-- tearDown -->
      </class> <!-- org.alchemy.testcases.LoginPageTest -->
    </test> <!-- Command line test -->
  </suite> <!-- Command line suite -->
</testng-results>
