<?xml version="1.0" encoding="UTF-8"?>
<!-- Generated by org.testng.reporters.JUnitXMLReporter -->
<testsuite hostname="Alchemy-01" ignored="3" name="Santiy Test 1(failed)" tests="1" failures="0" timestamp="26 Jul 2018 07:28:50 GMT" time="7.292" errors="0">
  <testcase name="verifyHomePageTitleTest" time="0.012" classname="org.alchemy.testcases.HomePageTest"/>
  <testcase name="verifyclickOnUserManagementTest" time="0.0" classname="org.alchemy.testcases.HomePageTest">
    <ignored/>
  </testcase> <!-- verifyclickOnUserManagementTest -->
  <testcase name="verifyCorrectUserNameTest" time="0.0" classname="org.alchemy.testcases.HomePageTest">
    <ignored/>
  </testcase> <!-- verifyCorrectUserNameTest -->
  <testcase name="verifyClickOnNewUserRecordTest" time="0.0" classname="org.alchemy.testcases.HomePageTest">
    <ignored/>
  </testcase> <!-- verifyClickOnNewUserRecordTest -->
</testsuite> <!-- Santiy Test 1(failed) -->
